.\Debug\BFLib.bsc
C:\Users\Ben\Desktop\paisDistribution\source\BFLib\.\Debug\BFLib.lib
C:\USERS\BEN\DESKTOP\PAISDISTRIBUTION\SOURCE\BFLIB\DEBUG\BFFILEHELPER.OBJ
C:\USERS\BEN\DESKTOP\PAISDISTRIBUTION\SOURCE\BFLIB\DEBUG\BFFILEHELPER.SBR
C:\USERS\BEN\DESKTOP\PAISDISTRIBUTION\SOURCE\BFLIB\DEBUG\BFLIB.BSC
C:\USERS\BEN\DESKTOP\PAISDISTRIBUTION\SOURCE\BFLIB\DEBUG\BFLIB.LIB
C:\USERS\BEN\DESKTOP\PAISDISTRIBUTION\SOURCE\BFLIB\DEBUG\BFLIB.PCH
C:\USERS\BEN\DESKTOP\PAISDISTRIBUTION\SOURCE\BFLIB\DEBUG\BFMATH.OBJ
C:\USERS\BEN\DESKTOP\PAISDISTRIBUTION\SOURCE\BFLIB\DEBUG\BFMATH.SBR
C:\USERS\BEN\DESKTOP\PAISDISTRIBUTION\SOURCE\BFLIB\DEBUG\BFNETWORK.OBJ
C:\USERS\BEN\DESKTOP\PAISDISTRIBUTION\SOURCE\BFLIB\DEBUG\BFNETWORK.SBR
C:\USERS\BEN\DESKTOP\PAISDISTRIBUTION\SOURCE\BFLIB\DEBUG\BFPCH.OBJ
C:\USERS\BEN\DESKTOP\PAISDISTRIBUTION\SOURCE\BFLIB\DEBUG\BFPCH.SBR
C:\USERS\BEN\DESKTOP\PAISDISTRIBUTION\SOURCE\BFLIB\DEBUG\BFSTRHELPER.OBJ
C:\USERS\BEN\DESKTOP\PAISDISTRIBUTION\SOURCE\BFLIB\DEBUG\BFSTRHELPER.SBR
C:\USERS\BEN\DESKTOP\PAISDISTRIBUTION\SOURCE\BFLIB\DEBUG\BFSTRPSER.OBJ
C:\USERS\BEN\DESKTOP\PAISDISTRIBUTION\SOURCE\BFLIB\DEBUG\BFSTRPSER.SBR
C:\Users\Ben\Desktop\paisDistribution\source\BFLib\Debug\BscMake.command.1.tlog
C:\Users\Ben\Desktop\paisDistribution\source\BFLib\Debug\bscmake.read.1.tlog
C:\Users\Ben\Desktop\paisDistribution\source\BFLib\Debug\bscmake.write.1.tlog
C:\Users\Ben\Desktop\paisDistribution\source\BFLib\Debug\cl.command.1.tlog
C:\Users\Ben\Desktop\paisDistribution\source\BFLib\Debug\CL.read.1.tlog
C:\Users\Ben\Desktop\paisDistribution\source\BFLib\Debug\CL.write.1.tlog
C:\Users\Ben\Desktop\paisDistribution\source\BFLib\Debug\lib.command.1.tlog
C:\Users\Ben\Desktop\paisDistribution\source\BFLib\Debug\Lib-link.read.1.tlog
C:\Users\Ben\Desktop\paisDistribution\source\BFLib\Debug\Lib-link.write.1.tlog
C:\USERS\BEN\DESKTOP\PAISDISTRIBUTION\SOURCE\BFLIB\DEBUG\STRUTIL.OBJ
C:\USERS\BEN\DESKTOP\PAISDISTRIBUTION\SOURCE\BFLIB\DEBUG\STRUTIL.SBR
C:\Users\Ben\Desktop\paisDistribution\source\BFLib\Debug\vc100.idb
C:\USERS\BEN\DESKTOP\PAISDISTRIBUTION\SOURCE\BFLIB\DEBUG\VC100.PDB
